c:\users\sasha\onedrive\рабочий стол\cw\cursework\recipebook\x64\debug\vc143.pdb
c:\users\sasha\onedrive\рабочий стол\cw\cursework\recipebook\x64\debug\.netframework,version=v4.8.assemblyattributes.obj
c:\users\sasha\onedrive\рабочий стол\cw\cursework\recipebook\x64\debug\utils.obj
c:\users\sasha\onedrive\рабочий стол\cw\cursework\recipebook\x64\debug\searchengine.obj
c:\users\sasha\onedrive\рабочий стол\cw\cursework\recipebook\x64\debug\recipe.obj
c:\users\sasha\onedrive\рабочий стол\cw\cursework\recipebook\x64\debug\newrecipe.obj
c:\users\sasha\onedrive\рабочий стол\cw\cursework\recipebook\x64\debug\graphics.obj
c:\users\sasha\onedrive\рабочий стол\cw\cursework\x64\debug\recipebook.exe
c:\users\sasha\onedrive\рабочий стол\cw\cursework\x64\debug\recipebook.pdb
c:\users\sasha\desktop\cursework\recipebook\recipebook\x64\debug\recipebook.graphics.resources
c:\users\sasha\desktop\cursework\recipebook\recipebook\x64\debug\recipebook.newrecipe.resources
c:\users\sasha\onedrive\рабочий стол\cw\cursework\recipebook\x64\debug\recipebook.vcxproj.suggestedbindingredirects.cache
c:\users\sasha\onedrive\рабочий стол\cw\cursework\recipebook\x64\debug\recipebook.tlog\cl.command.1.tlog
c:\users\sasha\onedrive\рабочий стол\cw\cursework\recipebook\x64\debug\recipebook.tlog\cl.items.tlog
c:\users\sasha\onedrive\рабочий стол\cw\cursework\recipebook\x64\debug\recipebook.tlog\cl.read.1.tlog
c:\users\sasha\onedrive\рабочий стол\cw\cursework\recipebook\x64\debug\recipebook.tlog\cl.write.1.tlog
c:\users\sasha\onedrive\рабочий стол\cw\cursework\recipebook\x64\debug\recipebook.tlog\link.command.1.tlog
c:\users\sasha\onedrive\рабочий стол\cw\cursework\recipebook\x64\debug\recipebook.tlog\link.read.1.tlog
c:\users\sasha\onedrive\рабочий стол\cw\cursework\recipebook\x64\debug\recipebook.tlog\link.write.1.tlog
c:\users\sasha\onedrive\рабочий стол\cw\cursework\recipebook\x64\debug\recipebook.tlog\metagen.read.1.tlog
c:\users\sasha\onedrive\рабочий стол\cw\cursework\recipebook\x64\debug\recipebook.tlog\metagen.write.1.tlog
c:\users\sasha\onedrive\рабочий стол\cw\cursework\recipebook\x64\debug\recipebook.tlog\recipebook.write.1u.tlog
c:\users\sasha\onedrive\рабочий стол\cw\cursework\recipebook\x64\debug\recipebook.tlog\resgen.command.1.tlog
c:\users\sasha\onedrive\рабочий стол\cw\cursework\recipebook\x64\debug\recipebook.tlog\resgen.read.1.tlog
c:\users\sasha\onedrive\рабочий стол\cw\cursework\recipebook\x64\debug\recipebook.tlog\resgen.write.1.tlog
